Changes Log
========================================

File changed: ./apis/api-explorer.mdx
  <ScrollRef target="Explorer" /> -> [Explorer](#explorer)

File changed: ./apis/applications.mdx
  <ScrollRef target="Create an Application Role" /> -> [Create an Application Role](#create-an-application-role)
  <ScrollRef target="Update an Application Role" /> -> [Update an Application Role](#update-an-application-role)
  <ScrollRef target="Delete an Application Role" /> -> [Delete an Application Role](#delete-an-application-role)

File changed: ./apis/authentication.mdx
  <ScrollRef target="API Key Authentication" /> -> [API Key Authentication](#api-key-authentication)
  <ScrollRef target="Basic Authentication using an API Key" /> -> [Basic Authentication using an API Key](#basic-authentication-using-an-api-key)
  <ScrollRef target="Client Credentials" /> -> [Client Credentials](#client-credentials)
  <ScrollRef target="JWT Authentication" /> -> [JWT Authentication](#jwt-authentication)
  <ScrollRef target="No Authentication Required" /> -> [No Authentication Required](#no-authentication-required)
  <ScrollRef target="Localhost Authentication Bypass" /> -> [Localhost Authentication Bypass](#localhost-authentication-bypass)
  <ScrollRef target="Managing API Keys" /> -> [Managing API Keys](#managing-api-keys)

File changed: ./apis/hosted-backend.mdx
  <ScrollRef target="Callback" /> -> [Callback](#callback)
  <ScrollRef target="Callback" /> -> [Callback](#callback)
  <ScrollRef target="Login" /> -> [Login](#login)
  <ScrollRef target="Callback" /> -> [Callback](#callback)
  <ScrollRef target="Callback" /> -> [Callback](#callback)
  <ScrollRef target="Login" /> -> [Login](#login)
  <ScrollRef target="Callback" /> -> [Callback](#callback)
  <ScrollRef target="Callback" /> -> [Callback](#callback)
  <ScrollRef target="Refresh" /> -> [Refresh](#refresh)

File changed: ./apis/passwordless.mdx
  <ScrollRef target="Start Passwordless Login" /> -> [Start Passwordless Login](#start-passwordless-login)

File changed: ./apis/registrations.mdx
  <ScrollRef target="Verify a User Registration" /> -> [Verify a User Registration](#verify-a-user-registration)

File changed: ./apis/two-factor.mdx
  <ScrollRef target="Send a Multi-Factor Code When Enabling MFA" /> -> [Send a Multi-Factor Code When Enabling MFA](#send-a-multi-factor-code-when-enabling-mfa)
  <ScrollRef target="Send a Multi-Factor Code When Disabling MFA" /> -> [Send a Multi-Factor Code When Disabling MFA](#send-a-multi-factor-code-when-disabling-mfa)
  <ScrollRef target="Send a Multi-Factor Code During Login or Step Up" /> -> [Send a Multi-Factor Code During Login or Step Up](#send-a-multi-factor-code-during-login-or-step-up)
  <ScrollRef target="Enable Multi-Factor" /> -> [Enable Multi-Factor](#enable-multi-factor)

File changed: ./apis/users.mdx
  <ScrollRef target="Reactivate a User" /> -> [Reactivate a User](#reactivate-a-user)
  <ScrollRef target="Verify a User's Email" /> -> [Verify a User's Email](#verify-a-users-email)
  <ScrollRef target="Change a User's Password" /> -> [Change a User's Password](#change-a-users-password)
  <ScrollRef target="Change a User's Password" /> -> [Change a User's Password](#change-a-users-password)

File changed: ./apis/webauthn.mdx
  <ScrollRef target="Start a WebAuthn Passkey Registration" /> -> [Start a WebAuthn Passkey Registration](#start-a-webauthn-passkey-registration)
  <ScrollRef target="Start a WebAuthn Passkey Assertion or Authentication" /> -> [Start a WebAuthn Passkey Assertion or Authentication](#start-a-webauthn-passkey-assertion-or-authentication)
  <ScrollRef target="Start a WebAuthn Passkey Registration" /> -> [Start a WebAuthn Passkey Registration](#start-a-webauthn-passkey-registration)
  <ScrollRef target="Start a WebAuthn Passkey Assertion or Authentication" /> -> [Start a WebAuthn Passkey Assertion or Authentication](#start-a-webauthn-passkey-assertion-or-authentication)
  <ScrollRef target="Complete a WebAuthn Passkey Registration" /> -> [Complete a WebAuthn Passkey Registration](#complete-a-webauthn-passkey-registration)
  <ScrollRef target="Complete a WebAuthn Passkey Authentication" /> -> [Complete a WebAuthn Passkey Authentication](#complete-a-webauthn-passkey-authentication)
  <ScrollRef target="Complete a WebAuthn Passkey Assertion" /> -> [Complete a WebAuthn Passkey Assertion](#complete-a-webauthn-passkey-assertion)
  <ScrollRef target="Complete a WebAuthn Passkey Registration" /> -> [Complete a WebAuthn Passkey Registration](#complete-a-webauthn-passkey-registration)
  <ScrollRef target="Complete a WebAuthn Passkey Authentication" /> -> [Complete a WebAuthn Passkey Authentication](#complete-a-webauthn-passkey-authentication)
  <ScrollRef target="Complete a WebAuthn Passkey Assertion" /> -> [Complete a WebAuthn Passkey Assertion](#complete-a-webauthn-passkey-assertion)
  <ScrollRef target="Start a WebAuthn Passkey Registration" /> -> [Start a WebAuthn Passkey Registration](#start-a-webauthn-passkey-registration)
  <ScrollRef target="Start a WebAuthn Passkey Assertion or Authentication" /> -> [Start a WebAuthn Passkey Assertion or Authentication](#start-a-webauthn-passkey-assertion-or-authentication)

File changed: ./apis/_import-users-request-body.mdx
  <ScrollRef target="Password Hashes" /> -> [Password Hashes](#password-hashes)

File changed: ./apis/identity-providers/_complete-login-text.mdx
  <ScrollRef target="Start the HYPR Login Request" /> -> [Start the HYPR Login Request](#start-the-hypr-login-request)

File changed: ./extend/examples/multi-tenant.mdx
  <ScrollRef target="The Tenant Object" /> -> [The Tenant Object](#the-tenant-object)
  <ScrollRef target="The Tenant Object" /> -> [The Tenant Object](#the-tenant-object)
  <ScrollRef target="Initial FusionAuth Configuration" /> -> [Initial FusionAuth Configuration](#initial-fusionauth-configuration)
  <ScrollRef target="Data Plane Application Tenant Determination" /> -> [Data Plane Application Tenant Determination](#data-plane-application-tenant-determination)
  <ScrollRef target="Initial FusionAuth Configuration" /> -> [Initial FusionAuth Configuration](#initial-fusionauth-configuration)
  <ScrollRef target="Creating a FusionAuth Application" /> -> [Creating a FusionAuth Application](#creating-a-fusionauth-application)
  <ScrollRef target="Creating a FusionAuth Application" /> -> [Creating a FusionAuth Application](#creating-a-fusionauth-application)
  <ScrollRef target="Look Up the OAuth Configuration Based On the Hostname" /> -> [Look Up the OAuth Configuration Based On the Hostname](#look-up-the-oauth-configuration-based-on-the-hostname)

File changed: ./extend/examples/api-gateways/api-authorization.mdx
  <ScrollRef target="OAuth + JWTs" /> -> [OAuth + JWTs](#oauth--jwts)
  <ScrollRef target="Client Credentials Grant" /> -> [Client Credentials Grant](#client-credentials-grant)

File changed: ./extend/examples/api-gateways/aws-api-gateway.mdx
  <ScrollRef target="Set Up AWS API Gateway" /> -> [Set Up AWS API Gateway](#set-up-aws-api-gateway)

File changed: ./extend/examples/api-gateways/cloudflare-api-gateway.mdx
  <ScrollRef target="Set Up Cloudflare" /> -> [Set Up Cloudflare](#set-up-cloudflare)
  <ScrollRef target="Set Up FusionAuth" /> -> [Set Up FusionAuth](#set-up-fusionauth)

File changed: ./extend/examples/api-gateways/ngrok-cloud-edge.mdx
  <ScrollRef target="Set Up ngrok Cloud Edge" /> -> [Set Up ngrok Cloud Edge](#set-up-ngrok-cloud-edge)
  <ScrollRef target="Test It Out" /> -> [Test It Out](#test-it-out)
  <ScrollRef target="Set Up FusionAuth" /> -> [Set Up FusionAuth](#set-up-fusionauth)
  <ScrollRef target="Set Up FusionAuth" /> -> [Set Up FusionAuth](#set-up-fusionauth)

File changed: ./get-started/core-concepts/licensing.mdx
  <ScrollRef target="Adding Your License to Your Instance" /> -> [Adding Your License to Your Instance](#adding-your-license-to-your-instance)
  <ScrollRef target="Advanced Scenarios" /> -> [Advanced Scenarios](#advanced-scenarios)

File changed: ./get-started/core-concepts/tenants.mdx
  <ScrollRef target="Failed authentication settings" /> -> [Failed authentication settings](#failed-authentication-settings)

File changed: ./get-started/core-concepts/users.mdx
  <ScrollRef target="User Search" /> -> [User Search](#user-search)
  <ScrollRef target="History" /> -> [History](#history)
  <ScrollRef target="Current actions" /> -> [Current actions](#current-actions)

File changed: ./get-started/download-and-install/docker.mdx
  <ScrollRef target="Limitations" /> -> [Limitations](#limitations)

File changed: ./get-started/download-and-install/fusionauth-app.mdx
  <ScrollRef target="Maintenance Mode" /> -> [Maintenance Mode](#maintenance-mode)
  <ScrollRef target="Advanced Installation" /> -> [Advanced Installation](#advanced-installation)
  <ScrollRef target="Maintenance Mode" /> -> [Maintenance Mode](#maintenance-mode)
  <ScrollRef target="Advanced Installation" /> -> [Advanced Installation](#advanced-installation)
  <ScrollRef target="Start FusionAuth App" /> -> [Start FusionAuth App](#start-fusionauth-app)

File changed: ./get-started/download-and-install/kubernetes/minikube.mdx
  <ScrollRef target="deploy PostgreSQL" /> -> [deploy PostgreSQL](#deploy-postgresql)
  <ScrollRef target="deploy Elasticsearch" /> -> [deploy Elasticsearch](#deploy-elasticsearch)

File changed: ./get-started/run-in-the-cloud/github-actions.mdx
  <ScrollRef target="Secrets And Deployment Environments" /> -> [Secrets And Deployment Environments](#secrets-and-deployment-environments)

File changed: ./lifecycle/authenticate-users/identity-providers/index.mdx
  <ScrollRef target="Anonymous Account Limitations" /> -> [Anonymous Account Limitations](#anonymous-account-limitations)

File changed: ./lifecycle/authenticate-users/identity-providers/enterprise/okta-samlv2-idp-initiated.mdx
  <ScrollRef target="Adding a User to the Okta Application" /> -> [Adding a User to the Okta Application](#adding-a-user-to-the-okta-application)

File changed: ./lifecycle/authenticate-users/identity-providers/social/apple.mdx
  <ScrollRef target="Using Bundle Id" /> -> [Using Bundle Id](#using-bundle-id)
  <ScrollRef target="Using Services Id with Application Overrides" /> -> [Using Services Id with Application Overrides](#using-services-id-with-application-overrides)

File changed: ./lifecycle/authenticate-users/oauth/endpoints.mdx
  <ScrollRef target="Complete the Authorization Code Grant Request" /> -> [Complete the Authorization Code Grant Request](#complete-the-authorization-code-grant-request)
  <ScrollRef target="Refresh Token Grant Request" /> -> [Refresh Token Grant Request](#refresh-token-grant-request)
  <ScrollRef target="Complete the Device Authorization Grant Request" /> -> [Complete the Device Authorization Grant Request](#complete-the-device-authorization-grant-request)
  <ScrollRef target="Token" /> -> [Token](#token)
  <ScrollRef target="Device Validate" /> -> [Device Validate](#device-validate)
  <ScrollRef target="Device Authorize" /> -> [Device Authorize](#device-authorize)

File changed: ./lifecycle/authenticate-users/oauth/index.mdx
  <ScrollRef target="Configure Application OAuth Settings" /> -> [Configure Application OAuth Settings](#configure-application-oauth-settings)

File changed: ./lifecycle/authenticate-users/oauth/modes.mdx
  <ScrollRef target="Local Login and Registration" /> -> [Local Login and Registration](#local-login-and-registration)
  <ScrollRef target="Third-party Login and Registration" /> -> [Third-party Login and Registration](#third-party-login-and-registration)
  <ScrollRef target="Enterprise Login and Registration" /> -> [Enterprise Login and Registration](#enterprise-login-and-registration)
  <ScrollRef target="Machine-to-machine Authorization" /> -> [Machine-to-machine Authorization](#machine-to-machine-authorization)
  <ScrollRef target="Device Login and Registration" /> -> [Device Login and Registration](#device-login-and-registration)
  <ScrollRef target="First-party Login and Registration" /> -> [First-party Login and Registration](#first-party-login-and-registration)
  <ScrollRef target="First-party Service Authorization" /> -> [First-party Service Authorization](#first-party-service-authorization)
  <ScrollRef target="Third-party Service Authorization" /> -> [Third-party Service Authorization](#third-party-service-authorization)

File changed: ./lifecycle/authenticate-users/passwordless/magic-links.mdx
  <ScrollRef target="Using the API Directly" /> -> [Using the API Directly](#using-the-api-directly)
  <ScrollRef target="Sending the Code Using FusionAuth" /> -> [Sending the Code Using FusionAuth](#sending-the-code-using-fusionauth)
  <ScrollRef target="Using the API Directly" /> -> [Using the API Directly](#using-the-api-directly)

File changed: ./lifecycle/manage-users/search/user-search-with-elasticsearch.mdx
  <ScrollRef target="Limitations" /> -> [Limitations](#limitations)

File changed: ./lifecycle/migrate-users/general-migration.mdx
  <ScrollRef target="Big Bang Implementation" /> -> [Big Bang Implementation](#big-bang-implementation)
  <ScrollRef target="Segment By Segment Implementation" /> -> [Segment By Segment Implementation](#segment-by-segment-implementation)
  <ScrollRef target="Slow Migration Implementation" /> -> [Slow Migration Implementation](#slow-migration-implementation)

File changed: ./lifecycle/migrate-users/genericmigration.mdx
  <ScrollRef target="Use FusionAuth As Your Authentication Provider" /> -> [Use FusionAuth As Your Authentication Provider](#use-fusionauth-as-your-authentication-provider)

File changed: ./lifecycle/migrate-users/provider-specific/azureadb2c.mdx
  <ScrollRef target="Bulk Migration" /> -> [Bulk Migration](#bulk-migration)
  <ScrollRef target="Bulk Migration" /> -> [Bulk Migration](#bulk-migration)
  <ScrollRef target="Export User Data From Azure AD B2C" /> -> [Export User Data From Azure AD B2C](#export-user-data-from-azure-ad-b2c)
  <ScrollRef target="Other Entities" /> -> [Other Entities](#other-entities)
  <ScrollRef target="Set Up FusionAuth For a Bulk Migration" /> -> [Set Up FusionAuth For a Bulk Migration](#set-up-fusionauth-for-a-bulk-migration)

File changed: ./lifecycle/migrate-users/provider-specific/cognito.mdx
  <ScrollRef target="Bulk Migration" /> -> [Bulk Migration](#bulk-migration)
  <ScrollRef target="Bulk Migration" /> -> [Bulk Migration](#bulk-migration)
  <ScrollRef target="Export User Data From Cognito" /> -> [Export User Data From Cognito](#export-user-data-from-cognito)
  <ScrollRef target="Other Entities" /> -> [Other Entities](#other-entities)
  <ScrollRef target="Testing The Deployed API" /> -> [Testing The Deployed API](#testing-the-deployed-api)
  <ScrollRef target="Testing The Deployed API" /> -> [Testing The Deployed API](#testing-the-deployed-api)
  <ScrollRef target="Set Up FusionAuth For a Bulk Migration" /> -> [Set Up FusionAuth For a Bulk Migration](#set-up-fusionauth-for-a-bulk-migration)

File changed: ./lifecycle/migrate-users/provider-specific/duende.mdx
  <ScrollRef target="Add the ASP.NET Identity V2 Hashing Plugin" /> -> [Add the ASP.NET Identity V2 Hashing Plugin](#add-the-aspnet-identity-v2-hashing-plugin)
  <ScrollRef target="Add the ASP.NET Identity V2 Hashing Plugin" /> -> [Add the ASP.NET Identity V2 Hashing Plugin](#add-the-aspnet-identity-v2-hashing-plugin)

File changed: ./lifecycle/migrate-users/provider-specific/frontegg.mdx
  <ScrollRef target="What To Do Next"/> -> [What To Do Next](#what-to-do-next)
  <ScrollRef target="Export The Users With The API" /> -> [Export The Users With The API](#export-the-users-with-the-api)
  <ScrollRef target="Create Roles For Your Users" /> -> [Create Roles For Your Users](#create-roles-for-your-users)

File changed: ./lifecycle/migrate-users/provider-specific/keycloak.mdx
  <ScrollRef target="Obtaining User Data" /> -> [Obtaining User Data](#obtaining-user-data)

File changed: ./lifecycle/migrate-users/provider-specific/pingone.mdx
  <ScrollRef target="Bulk Migration" /> -> [Bulk Migration](#bulk-migration)
  <ScrollRef target="Bulk Migration" /> -> [Bulk Migration](#bulk-migration)
  <ScrollRef target="Export User Data From Ping Identity" /> -> [Export User Data From Ping Identity](#export-user-data-from-ping-identity)
  <ScrollRef target="Other Entities" /> -> [Other Entities](#other-entities)
  <ScrollRef target="Add The PingOne Authorize Service To Your Environment" /> -> [Add The PingOne Authorize Service To Your Environment](#add-the-pingone-authorize-service-to-your-environment)
  <ScrollRef target="Add A Worker Application For The PingOne Authorize Service" /> -> [Add A Worker Application For The PingOne Authorize Service](#add-a-worker-application-for-the-pingone-authorize-service)
  <ScrollRef target="Set Up Authentication Logic" /> -> [Set Up Authentication Logic](#set-up-authentication-logic)
  <ScrollRef target="Set Up FusionAuth" /> -> [Set Up FusionAuth](#set-up-fusionauth)

File changed: ./lifecycle/migrate-users/provider-specific/stytch.mdx
  <ScrollRef target="Request User Passwords From Stytch" /> -> [Request User Passwords From Stytch](#request-user-passwords-from-stytch)

File changed: ./lifecycle/migrate-users/provider-specific/_social-login-note.mdx
  <ScrollRef target="Use the Script" /> -> [Use the Script](#use-the-script)

File changed: ./lifecycle/migrate-users/provider-specific/_verify-import.mdx
  <ScrollRef target="Create a Test Application" /> -> [Create a Test Application](#create-a-test-application)

File changed: ./lifecycle/migrate-users/provider-specific/_what-next.mdx
  <ScrollRef target="Other Entities" /> -> [Other Entities](#other-entities)

File changed: ./lifecycle/migrate-users/scim/scim-sdk.mdx
  <ScrollRef target="Entities" /> -> [Entities](#entities)

File changed: ./operate/deploy/proxy-setup.mdx
  <ScrollRef target="Why Use a Proxy" /> -> [Why Use a Proxy](#why-use-a-proxy)

File changed: ./operate/deploy/upgrade.mdx
  <ScrollRef target="Upgrade FAQs" /> -> [Upgrade FAQs](#upgrade-faqs)
  <ScrollRef target="Downtime and Database Migrations" /> -> [Downtime and Database Migrations](#downtime-and-database-migrations)

File changed: ./operate/deploy/user-support-guide.mdx
  <ScrollRef target="Lock Or Unlock A User Account" /> -> [Lock Or Unlock A User Account](#lock-or-unlock-a-user-account)

File changed: ./operate/roadmap/roadmap.mdx
  <ScrollRef target="Tech Preview Features" /> -> [Tech Preview Features](#tech-preview-features)

File changed: ./operate/secure-and-monitor/breached-password-detection.mdx
  <ScrollRef target="End User Experience" /> -> [End User Experience](#end-user-experience)

File changed: ./operate/secure-and-monitor/cloudwatch.mdx
  <ScrollRef target="Set Up FusionAuth API Access For The Collector" /> -> [Set Up FusionAuth API Access For The Collector](#set-up-fusionauth-api-access-for-the-collector)
  <ScrollRef target="Set Up A Collector To Receive Data From FusionAuth" /> -> [Set Up A Collector To Receive Data From FusionAuth](#set-up-a-collector-to-receive-data-from-fusionauth)

File changed: ./operate/secure-and-monitor/datadog.mdx
  <ScrollRef target="Set Up Prometheus API Access In FusionAuth" /> -> [Set Up Prometheus API Access In FusionAuth](#set-up-prometheus-api-access-in-fusionauth)
  <ScrollRef target="Set Up Prometheus API Access In FusionAuth" /> -> [Set Up Prometheus API Access In FusionAuth](#set-up-prometheus-api-access-in-fusionauth)
  <ScrollRef target="Set Up A Datadog Account"/> -> [Set Up A Datadog Account](#set-up-a-datadog-account)
  <ScrollRef target="Set Up A Datadog Dashboard" /> -> [Set Up A Datadog Dashboard](#set-up-a-datadog-dashboard)

File changed: ./operate/troubleshooting/troubleshooting.mdx
  <ScrollRef target="Event Log" /> -> [Event Log](#event-log)

